<?xml version="1.0" encoding="UTF-8"?>
<!-- Generated by org.testng.reporters.JUnitXMLReporter -->
<testsuite ignored="1" hostname="LAPTOP-1P383OOE" failures="0" tests="6" name="Test" time="52.996" errors="0" timestamp="2025-05-08T15:32:17 IST">
  <testcase classname="testCases.TC_Invalid_Valid_Login_Credentials" name="Invalid_Email" time="1.272"/>
  <testcase classname="testCases.TC_Invalid_Valid_Login_Credentials" name="Invalid_Password" time="1.483"/>
  <testcase classname="testCases.TC_Invalid_Valid_Login_Credentials" name="valid_Credentials" time="1.508"/>
  <testcase classname="testCases.TC03_LoginDD" name="Invalid_Email" time="31.449"/>
  <testcase classname="testCases.TC03_LoginDD" name="Invalid_Email" time="1.467"/>
  <testcase classname="testCases.TC03_LoginDD" name="Invalid_Email" time="1.53"/>
  <testcase classname="testCases.TC_MedicareSignup" name="Verify_MedicarSignUP" time="0.0">
    <ignored/>
  </testcase> <!-- Verify_MedicarSignUP -->
</testsuite> <!-- Test -->
